<?xml version="1.0" encoding="UTF-8"?>
<coverage generated="1731264930988" clover="3.2.0">
  <project timestamp="1731264930988" name="All files">
    <metrics statements="252" coveredstatements="209" conditionals="101" coveredconditionals="75" methods="30" coveredmethods="29" elements="383" coveredelements="313" complexity="0" loc="252" ncloc="252" packages="2" files="5" classes="5"/>
    <package name="src">
      <metrics statements="3" coveredstatements="3" conditionals="0" coveredconditionals="0" methods="6" coveredmethods="6"/>
      <file name="index.ts" path="D:\Desktop\QSocket\protocol\src\index.ts">
        <metrics statements="3" coveredstatements="3" conditionals="0" coveredconditionals="0" methods="6" coveredmethods="6"/>
        <line num="13" count="490" type="stmt"/>
        <line num="15" count="9" type="stmt"/>
        <line num="17" count="9" type="stmt"/>
      </file>
    </package>
    <package name="src.bin">
      <metrics statements="249" coveredstatements="206" conditionals="101" coveredconditionals="75" methods="24" coveredmethods="23"/>
      <file name="protocol.enums.ts" path="D:\Desktop\QSocket\protocol\src\bin\protocol.enums.ts">
        <metrics statements="16" coveredstatements="16" conditionals="6" coveredconditionals="6" methods="3" coveredmethods="3"/>
        <line num="5" count="1" type="cond" truecount="2" falsecount="0"/>
        <line num="10" count="1" type="stmt"/>
        <line num="16" count="1" type="stmt"/>
        <line num="23" count="1" type="stmt"/>
        <line num="30" count="1" type="cond" truecount="2" falsecount="0"/>
        <line num="35" count="1" type="stmt"/>
        <line num="41" count="1" type="stmt"/>
        <line num="47" count="1" type="stmt"/>
        <line num="53" count="1" type="stmt"/>
        <line num="59" count="1" type="stmt"/>
        <line num="65" count="1" type="stmt"/>
        <line num="71" count="1" type="stmt"/>
        <line num="78" count="1" type="cond" truecount="2" falsecount="0"/>
        <line num="83" count="1" type="stmt"/>
        <line num="89" count="1" type="stmt"/>
        <line num="95" count="1" type="stmt"/>
      </file>
      <file name="protocol.errors.ts" path="D:\Desktop\QSocket\protocol\src\bin\protocol.errors.ts">
        <metrics statements="12" coveredstatements="12" conditionals="2" coveredconditionals="2" methods="2" coveredmethods="2"/>
        <line num="5" count="1" type="stmt"/>
        <line num="14" count="4" type="stmt"/>
        <line num="16" count="4" type="stmt"/>
        <line num="17" count="4" type="stmt"/>
        <line num="18" count="4" type="cond" truecount="1" falsecount="0"/>
        <line num="19" count="1" type="stmt"/>
        <line num="28" count="1" type="stmt"/>
        <line num="37" count="12" type="stmt"/>
        <line num="39" count="12" type="stmt"/>
        <line num="40" count="12" type="stmt"/>
        <line num="41" count="12" type="cond" truecount="1" falsecount="0"/>
        <line num="42" count="1" type="stmt"/>
      </file>
      <file name="protocol.helpers.ts" path="D:\Desktop\QSocket\protocol\src\bin\protocol.helpers.ts">
        <metrics statements="3" coveredstatements="3" conditionals="4" coveredconditionals="4" methods="1" coveredmethods="1"/>
        <line num="2" count="1" type="cond" truecount="2" falsecount="0"/>
        <line num="10" count="1" type="stmt"/>
        <line num="11" count="699" type="cond" truecount="2" falsecount="0"/>
      </file>
      <file name="protocol.ts" path="D:\Desktop\QSocket\protocol\src\bin\protocol.ts">
        <metrics statements="218" coveredstatements="175" conditionals="89" coveredconditionals="63" methods="18" coveredmethods="17"/>
        <line num="6" count="1" type="stmt"/>
        <line num="7" count="1" type="stmt"/>
        <line num="8" count="1" type="stmt"/>
        <line num="41" count="1" type="stmt"/>
        <line num="52" count="8" type="stmt"/>
        <line num="53" count="8" type="stmt"/>
        <line num="63" count="21" type="stmt"/>
        <line num="64" count="21" type="stmt"/>
        <line num="67" count="21" type="stmt"/>
        <line num="68" count="51" type="stmt"/>
        <line num="69" count="49" type="stmt"/>
        <line num="70" count="49" type="stmt"/>
        <line num="71" count="49" type="stmt"/>
        <line num="75" count="19" type="stmt"/>
        <line num="76" count="19" type="stmt"/>
        <line num="77" count="19" type="stmt"/>
        <line num="78" count="19" type="stmt"/>
        <line num="79" count="19" type="stmt"/>
        <line num="80" count="19" type="stmt"/>
        <line num="83" count="19" type="cond" truecount="3" falsecount="0"/>
        <line num="84" count="5" type="stmt"/>
        <line num="85" count="5" type="stmt"/>
        <line num="86" count="5" type="stmt"/>
        <line num="87" count="5" type="stmt"/>
        <line num="91" count="19" type="stmt"/>
        <line num="92" count="19" type="stmt"/>
        <line num="93" count="19" type="stmt"/>
        <line num="94" count="19" type="stmt"/>
        <line num="96" count="19" type="stmt"/>
        <line num="99" count="19" type="stmt"/>
        <line num="100" count="19" type="stmt"/>
        <line num="102" count="19" type="stmt"/>
        <line num="104" count="2" type="stmt"/>
        <line num="115" count="20" type="stmt"/>
        <line num="116" count="20" type="stmt"/>
        <line num="118" count="20" type="cond" truecount="1" falsecount="0"/>
        <line num="119" count="1" type="stmt"/>
        <line num="123" count="19" type="stmt"/>
        <line num="124" count="19" type="stmt"/>
        <line num="125" count="19" type="stmt"/>
        <line num="126" count="19" type="stmt"/>
        <line num="127" count="19" type="stmt"/>
        <line num="128" count="19" type="stmt"/>
        <line num="129" count="19" type="stmt"/>
        <line num="130" count="19" type="stmt"/>
        <line num="132" count="19" type="cond" truecount="1" falsecount="0"/>
        <line num="133" count="1" type="stmt"/>
        <line num="136" count="18" type="stmt"/>
        <line num="137" count="18" type="stmt"/>
        <line num="139" count="18" type="cond" truecount="0" falsecount="1"/>
        <line num="140" count="0" type="stmt"/>
        <line num="143" count="18" type="stmt"/>
        <line num="146" count="18" type="cond" truecount="2" falsecount="0"/>
        <line num="147" count="6" type="cond" truecount="1" falsecount="0"/>
        <line num="148" count="1" type="stmt"/>
        <line num="150" count="5" type="cond" truecount="2" falsecount="0"/>
        <line num="151" count="3" type="stmt"/>
        <line num="152" count="2" type="cond" truecount="2" falsecount="0"/>
        <line num="153" count="1" type="stmt"/>
        <line num="155" count="1" type="stmt"/>
        <line num="157" count="4" type="cond" truecount="0" falsecount="1"/>
        <line num="158" count="0" type="stmt"/>
        <line num="161" count="12" type="cond" truecount="0" falsecount="1"/>
        <line num="162" count="0" type="stmt"/>
        <line num="166" count="16" type="stmt"/>
        <line num="167" count="16" type="stmt"/>
        <line num="170" count="16" type="stmt"/>
        <line num="171" count="36" type="cond" truecount="0" falsecount="1"/>
        <line num="172" count="0" type="stmt"/>
        <line num="174" count="36" type="stmt"/>
        <line num="175" count="36" type="stmt"/>
        <line num="177" count="36" type="cond" truecount="0" falsecount="1"/>
        <line num="178" count="0" type="stmt"/>
        <line num="181" count="36" type="stmt"/>
        <line num="182" count="36" type="stmt"/>
        <line num="184" count="36" type="stmt"/>
        <line num="185" count="34" type="stmt"/>
        <line num="188" count="14" type="cond" truecount="0" falsecount="1"/>
        <line num="189" count="0" type="stmt"/>
        <line num="192" count="14" type="stmt"/>
        <line num="194" count="6" type="stmt"/>
        <line num="205" count="55" type="cond" truecount="3" falsecount="0"/>
        <line num="206" count="1" type="stmt"/>
        <line num="209" count="54" type="stmt"/>
        <line num="210" count="54" type="stmt"/>
        <line num="211" count="54" type="stmt"/>
        <line num="214" count="54" type="stmt"/>
        <line num="217" count="53" type="stmt"/>
        <line num="218" count="53" type="cond" truecount="2" falsecount="0"/>
        <line num="219" count="17" type="cond" truecount="2" falsecount="0"/>
        <line num="220" count="15" type="stmt"/>
        <line num="222" count="2" type="stmt"/>
        <line num="224" count="36" type="cond" truecount="2" falsecount="0"/>
        <line num="225" count="10" type="cond" truecount="2" falsecount="0"/>
        <line num="226" count="9" type="stmt"/>
        <line num="228" count="1" type="stmt"/>
        <line num="230" count="26" type="cond" truecount="1" falsecount="0"/>
        <line num="231" count="1" type="stmt"/>
        <line num="234" count="49" type="stmt"/>
        <line num="236" count="49" type="stmt"/>
        <line num="237" count="49" type="stmt"/>
        <line num="239" count="49" type="stmt"/>
        <line num="240" count="49" type="stmt"/>
        <line num="242" count="49" type="stmt"/>
        <line num="252" count="38" type="stmt"/>
        <line num="254" count="38" type="cond" truecount="1" falsecount="0"/>
        <line num="255" count="1" type="stmt"/>
        <line num="258" count="37" type="stmt"/>
        <line num="259" count="37" type="stmt"/>
        <line num="261" count="37" type="cond" truecount="0" falsecount="1"/>
        <line num="262" count="0" type="stmt"/>
        <line num="265" count="37" type="stmt"/>
        <line num="266" count="37" type="stmt"/>
        <line num="267" count="37" type="stmt"/>
        <line num="268" count="37" type="stmt"/>
        <line num="270" count="37" type="cond" truecount="0" falsecount="1"/>
        <line num="271" count="0" type="stmt"/>
        <line num="274" count="37" type="stmt"/>
        <line num="275" count="37" type="stmt"/>
        <line num="277" count="37" type="cond" truecount="0" falsecount="1"/>
        <line num="278" count="0" type="stmt"/>
        <line num="281" count="37" type="stmt"/>
        <line num="282" count="37" type="stmt"/>
        <line num="284" count="37" type="stmt"/>
        <line num="285" count="37" type="stmt"/>
        <line num="287" count="37" type="cond" truecount="0" falsecount="1"/>
        <line num="288" count="0" type="stmt"/>
        <line num="291" count="37" type="stmt"/>
        <line num="292" count="37" type="stmt"/>
        <line num="295" count="37" type="stmt"/>
        <line num="296" count="37" type="cond" truecount="2" falsecount="0"/>
        <line num="297" count="13" type="cond" truecount="1" falsecount="0"/>
        <line num="298" count="1" type="stmt"/>
        <line num="300" count="12" type="stmt"/>
        <line num="301" count="24" type="cond" truecount="2" falsecount="0"/>
        <line num="302" count="7" type="cond" truecount="0" falsecount="1"/>
        <line num="303" count="0" type="stmt"/>
        <line num="305" count="7" type="stmt"/>
        <line num="306" count="17" type="cond" truecount="1" falsecount="0"/>
        <line num="307" count="1" type="stmt"/>
        <line num="311" count="35" type="stmt"/>
        <line num="313" count="34" type="stmt"/>
        <line num="322" count="34" type="stmt"/>
        <line num="333" count="55" type="cond" truecount="8" falsecount="0"/>
        <line num="335" count="12" type="stmt"/>
        <line num="337" count="4" type="stmt"/>
        <line num="339" count="6" type="cond" truecount="2" falsecount="0"/>
        <line num="341" count="6" type="stmt"/>
        <line num="343" count="11" type="stmt"/>
        <line num="345" count="4" type="stmt"/>
        <line num="347" count="10" type="cond" truecount="1" falsecount="1"/>
        <line num="349" count="2" type="stmt"/>
        <line num="361" count="36" type="cond" truecount="8" falsecount="0"/>
        <line num="363" count="8" type="stmt"/>
        <line num="365" count="1" type="stmt"/>
        <line num="367" count="5" type="stmt"/>
        <line num="368" count="5" type="stmt"/>
        <line num="370" count="5" type="stmt"/>
        <line num="372" count="6" type="stmt"/>
        <line num="374" count="2" type="stmt"/>
        <line num="376" count="7" type="stmt"/>
        <line num="378" count="2" type="stmt"/>
        <line num="389" count="69" type="cond" truecount="1" falsecount="1"/>
        <line num="390" count="69" type="stmt"/>
        <line num="391" count="69" type="stmt"/>
        <line num="392" count="0" type="cond" truecount="0" falsecount="2"/>
        <line num="393" count="0" type="stmt"/>
        <line num="396" count="0" type="stmt"/>
        <line num="397" count="0" type="stmt"/>
        <line num="398" count="0" type="stmt"/>
        <line num="399" count="0" type="stmt"/>
        <line num="401" count="0" type="stmt"/>
        <line num="412" count="45" type="cond" truecount="1" falsecount="1"/>
        <line num="413" count="45" type="stmt"/>
        <line num="414" count="45" type="stmt"/>
        <line num="415" count="0" type="cond" truecount="0" falsecount="4"/>
        <line num="416" count="0" type="stmt"/>
        <line num="419" count="0" type="stmt"/>
        <line num="420" count="0" type="stmt"/>
        <line num="421" count="0" type="stmt"/>
        <line num="423" count="0" type="stmt"/>
        <line num="434" count="190" type="cond" truecount="1" falsecount="1"/>
        <line num="435" count="190" type="stmt"/>
        <line num="436" count="190" type="stmt"/>
        <line num="437" count="190" type="stmt"/>
        <line num="439" count="0" type="stmt"/>
        <line num="440" count="0" type="stmt"/>
        <line num="441" count="0" type="stmt"/>
        <line num="442" count="0" type="stmt"/>
        <line num="454" count="148" type="cond" truecount="3" falsecount="1"/>
        <line num="455" count="148" type="stmt"/>
        <line num="457" count="0" type="stmt"/>
        <line num="458" count="0" type="stmt"/>
        <line num="469" count="142" type="stmt"/>
        <line num="470" count="142" type="stmt"/>
        <line num="471" count="142" type="stmt"/>
        <line num="482" count="117" type="stmt"/>
        <line num="492" count="6" type="cond" truecount="1" falsecount="1"/>
        <line num="493" count="6" type="stmt"/>
        <line num="494" count="6" type="stmt"/>
        <line num="495" count="6" type="stmt"/>
        <line num="497" count="0" type="stmt"/>
        <line num="498" count="0" type="stmt"/>
        <line num="499" count="0" type="stmt"/>
        <line num="500" count="0" type="stmt"/>
        <line num="512" count="5" type="cond" truecount="3" falsecount="1"/>
        <line num="513" count="5" type="stmt"/>
        <line num="515" count="0" type="stmt"/>
        <line num="516" count="0" type="stmt"/>
        <line num="527" count="136" type="cond" truecount="1" falsecount="1"/>
        <line num="528" count="536" type="cond" truecount="2" falsecount="0"/>
        <line num="530" count="0" type="stmt"/>
        <line num="531" count="0" type="stmt"/>
        <line num="532" count="0" type="stmt"/>
        <line num="533" count="0" type="stmt"/>
        <line num="534" count="0" type="stmt"/>
        <line num="535" count="0" type="stmt"/>
        <line num="537" count="0" type="stmt"/>
      </file>
    </package>
  </project>
</coverage>
