{"total": {"lines":{"total":252,"covered":209,"skipped":0,"pct":82.93},"statements":{"total":262,"covered":216,"skipped":0,"pct":82.44},"functions":{"total":30,"covered":29,"skipped":0,"pct":96.66},"branches":{"total":101,"covered":75,"skipped":0,"pct":74.25},"branchesTrue":{"total":0,"covered":0,"skipped":0,"pct":100}}
,"D:\\Desktop\\QSocket\\protocol\\src\\index.ts": {"lines":{"total":3,"covered":3,"skipped":0,"pct":100},"functions":{"total":6,"covered":6,"skipped":0,"pct":100},"statements":{"total":9,"covered":9,"skipped":0,"pct":100},"branches":{"total":0,"covered":0,"skipped":0,"pct":100}}
,"D:\\Desktop\\QSocket\\protocol\\src\\bin\\protocol.enums.ts": {"lines":{"total":16,"covered":16,"skipped":0,"pct":100},"functions":{"total":3,"covered":3,"skipped":0,"pct":100},"statements":{"total":16,"covered":16,"skipped":0,"pct":100},"branches":{"total":6,"covered":6,"skipped":0,"pct":100}}
,"D:\\Desktop\\QSocket\\protocol\\src\\bin\\protocol.errors.ts": {"lines":{"total":12,"covered":12,"skipped":0,"pct":100},"functions":{"total":2,"covered":2,"skipped":0,"pct":100},"statements":{"total":12,"covered":12,"skipped":0,"pct":100},"branches":{"total":2,"covered":2,"skipped":0,"pct":100}}
,"D:\\Desktop\\QSocket\\protocol\\src\\bin\\protocol.helpers.ts": {"lines":{"total":3,"covered":3,"skipped":0,"pct":100},"functions":{"total":1,"covered":1,"skipped":0,"pct":100},"statements":{"total":3,"covered":3,"skipped":0,"pct":100},"branches":{"total":4,"covered":4,"skipped":0,"pct":100}}
,"D:\\Desktop\\QSocket\\protocol\\src\\bin\\protocol.ts": {"lines":{"total":218,"covered":175,"skipped":0,"pct":80.27},"functions":{"total":18,"covered":17,"skipped":0,"pct":94.44},"statements":{"total":222,"covered":176,"skipped":0,"pct":79.27},"branches":{"total":89,"covered":63,"skipped":0,"pct":70.78}}
}
