{"D:\\Desktop\\QSocket\\protocol\\src\\index.ts": {"path":"D:\\Desktop\\QSocket\\protocol\\src\\index.ts","statementMap":{"0":{"start":{"line":13,"column":0},"end":{"line":13,"column":9}},"1":{"start":{"line":13,"column":9},"end":{"line":13,"column":38}},"2":{"start":{"line":13,"column":38},"end":{"line":13,"column":71}},"3":{"start":{"line":13,"column":71},"end":{"line":13,"column":129}},"4":{"start":{"line":15,"column":0},"end":{"line":15,"column":9}},"5":{"start":{"line":15,"column":9},"end":{"line":15,"column":37}},"6":{"start":{"line":15,"column":37},"end":{"line":15,"column":95}},"7":{"start":{"line":17,"column":0},"end":{"line":17,"column":9}},"8":{"start":{"line":17,"column":9},"end":{"line":17,"column":35}}},"fnMap":{"0":{"name":"(anonymous_1)","decl":{"start":{"line":13,"column":9},"end":{"line":13,"column":36}},"loc":{"start":{"line":13,"column":9},"end":{"line":13,"column":38}}},"1":{"name":"(anonymous_2)","decl":{"start":{"line":13,"column":38},"end":{"line":13,"column":69}},"loc":{"start":{"line":13,"column":38},"end":{"line":13,"column":71}}},"2":{"name":"(anonymous_3)","decl":{"start":{"line":13,"column":71},"end":{"line":13,"column":98}},"loc":{"start":{"line":13,"column":71},"end":{"line":13,"column":129}}},"3":{"name":"(anonymous_4)","decl":{"start":{"line":15,"column":9},"end":{"line":15,"column":35}},"loc":{"start":{"line":15,"column":9},"end":{"line":15,"column":37}}},"4":{"name":"(anonymous_5)","decl":{"start":{"line":15,"column":37},"end":{"line":15,"column":63}},"loc":{"start":{"line":15,"column":37},"end":{"line":15,"column":95}}},"5":{"name":"(anonymous_6)","decl":{"start":{"line":17,"column":9},"end":{"line":17,"column":16}},"loc":{"start":{"line":17,"column":9},"end":{"line":17,"column":35}}}},"branchMap":{},"s":{"0":1,"1":51,"2":134,"3":468,"4":1,"5":9,"6":5,"7":1,"8":9},"f":{"0":50,"1":133,"2":467,"3":8,"4":4,"5":8},"b":{}}
,"D:\\Desktop\\QSocket\\protocol\\src\\bin\\protocol.enums.ts": {"path":"D:\\Desktop\\QSocket\\protocol\\src\\bin\\protocol.enums.ts","statementMap":{"0":{"start":{"line":5,"column":0},"end":{"line":5,"column":null}},"1":{"start":{"line":10,"column":1},"end":{"line":10,"column":null}},"2":{"start":{"line":16,"column":1},"end":{"line":16,"column":null}},"3":{"start":{"line":23,"column":1},"end":{"line":23,"column":null}},"4":{"start":{"line":30,"column":0},"end":{"line":30,"column":null}},"5":{"start":{"line":35,"column":1},"end":{"line":35,"column":null}},"6":{"start":{"line":41,"column":1},"end":{"line":41,"column":null}},"7":{"start":{"line":47,"column":1},"end":{"line":47,"column":null}},"8":{"start":{"line":53,"column":1},"end":{"line":53,"column":null}},"9":{"start":{"line":59,"column":1},"end":{"line":59,"column":null}},"10":{"start":{"line":65,"column":1},"end":{"line":65,"column":null}},"11":{"start":{"line":71,"column":1},"end":{"line":71,"column":null}},"12":{"start":{"line":78,"column":0},"end":{"line":78,"column":null}},"13":{"start":{"line":83,"column":1},"end":{"line":83,"column":null}},"14":{"start":{"line":89,"column":1},"end":{"line":89,"column":null}},"15":{"start":{"line":95,"column":1},"end":{"line":95,"column":null}}},"fnMap":{"0":{"name":"(anonymous_0)","decl":{"start":{"line":5,"column":0},"end":{"line":5,"column":18}},"loc":{"start":{"line":5,"column":45},"end":{"line":24,"column":1}}},"1":{"name":"(anonymous_1)","decl":{"start":{"line":30,"column":0},"end":{"line":30,"column":18}},"loc":{"start":{"line":30,"column":45},"end":{"line":72,"column":1}}},"2":{"name":"(anonymous_2)","decl":{"start":{"line":78,"column":0},"end":{"line":78,"column":18}},"loc":{"start":{"line":78,"column":49},"end":{"line":96,"column":1}}}},"branchMap":{"0":{"loc":{"start":{"line":5,"column":18},"end":{"line":5,"column":null}},"type":"binary-expr","locations":[{"start":{"line":5,"column":18},"end":{"line":5,"column":45}},{"start":{"line":5,"column":45},"end":{"line":5,"column":null}}]},"1":{"loc":{"start":{"line":30,"column":18},"end":{"line":30,"column":null}},"type":"binary-expr","locations":[{"start":{"line":30,"column":18},"end":{"line":30,"column":45}},{"start":{"line":30,"column":45},"end":{"line":30,"column":null}}]},"2":{"loc":{"start":{"line":78,"column":18},"end":{"line":78,"column":null}},"type":"binary-expr","locations":[{"start":{"line":78,"column":18},"end":{"line":78,"column":49}},{"start":{"line":78,"column":49},"end":{"line":78,"column":null}}]}},"s":{"0":1,"1":1,"2":1,"3":1,"4":1,"5":1,"6":1,"7":1,"8":1,"9":1,"10":1,"11":1,"12":1,"13":1,"14":1,"15":1},"f":{"0":1,"1":1,"2":1},"b":{"0":[1,1],"1":[1,1],"2":[1,1]}}
,"D:\\Desktop\\QSocket\\protocol\\src\\bin\\protocol.errors.ts": {"path":"D:\\Desktop\\QSocket\\protocol\\src\\bin\\protocol.errors.ts","statementMap":{"0":{"start":{"line":16,"column":2},"end":{"line":16,"column":17}},"1":{"start":{"line":14,"column":9},"end":{"line":14,"column":30}},"2":{"start":{"line":17,"column":2},"end":{"line":17,"column":43}},"3":{"start":{"line":18,"column":2},"end":{"line":20,"column":3}},"4":{"start":{"line":19,"column":3},"end":{"line":19,"column":55}},"5":{"start":{"line":5,"column":0},"end":{"line":5,"column":13}},"6":{"start":{"line":39,"column":2},"end":{"line":39,"column":17}},"7":{"start":{"line":37,"column":9},"end":{"line":37,"column":30}},"8":{"start":{"line":40,"column":2},"end":{"line":40,"column":43}},"9":{"start":{"line":41,"column":2},"end":{"line":43,"column":3}},"10":{"start":{"line":42,"column":3},"end":{"line":42,"column":55}},"11":{"start":{"line":28,"column":0},"end":{"line":28,"column":13}}},"fnMap":{"0":{"name":"(anonymous_0)","decl":{"start":{"line":12,"column":1},"end":{"line":12,"column":null}},"loc":{"start":{"line":14,"column":30},"end":{"line":21,"column":2}}},"1":{"name":"(anonymous_1)","decl":{"start":{"line":35,"column":1},"end":{"line":35,"column":null}},"loc":{"start":{"line":37,"column":30},"end":{"line":44,"column":2}}}},"branchMap":{"0":{"loc":{"start":{"line":18,"column":2},"end":{"line":20,"column":3}},"type":"if","locations":[{"start":{"line":18,"column":2},"end":{"line":20,"column":3}}]},"1":{"loc":{"start":{"line":41,"column":2},"end":{"line":43,"column":3}},"type":"if","locations":[{"start":{"line":41,"column":2},"end":{"line":43,"column":3}}]}},"s":{"0":4,"1":4,"2":4,"3":4,"4":1,"5":1,"6":12,"7":12,"8":12,"9":12,"10":1,"11":1},"f":{"0":4,"1":12},"b":{"0":[1],"1":[1]}}
,"D:\\Desktop\\QSocket\\protocol\\src\\bin\\protocol.helpers.ts": {"path":"D:\\Desktop\\QSocket\\protocol\\src\\bin\\protocol.helpers.ts","statementMap":{"0":{"start":{"line":10,"column":0},"end":{"line":10,"column":16}},"1":{"start":{"line":2,"column":13},"end":{"line":2,"column":96}},"2":{"start":{"line":11,"column":1},"end":{"line":11,"column":42}}},"fnMap":{"0":{"name":"isBuffer","decl":{"start":{"line":10,"column":16},"end":{"line":10,"column":24}},"loc":{"start":{"line":10,"column":33},"end":{"line":12,"column":1}}}},"branchMap":{"0":{"loc":{"start":{"line":2,"column":25},"end":{"line":2,"column":95}},"type":"binary-expr","locations":[{"start":{"line":2,"column":25},"end":{"line":2,"column":54}},{"start":{"line":2,"column":58},"end":{"line":2,"column":95}}]},"1":{"loc":{"start":{"line":11,"column":8},"end":{"line":11,"column":41}},"type":"binary-expr","locations":[{"start":{"line":11,"column":8},"end":{"line":11,"column":17}},{"start":{"line":11,"column":21},"end":{"line":11,"column":41}}]}},"s":{"0":1,"1":1,"2":662},"f":{"0":662},"b":{"0":[1,1],"1":[662,662]}}
,"D:\\Desktop\\QSocket\\protocol\\src\\bin\\protocol.ts": {"path":"D:\\Desktop\\QSocket\\protocol\\src\\bin\\protocol.ts","statementMap":{"0":{"start":{"line":6,"column":0},"end":{"line":6,"column":96}},"1":{"start":{"line":7,"column":0},"end":{"line":7,"column":91}},"2":{"start":{"line":8,"column":0},"end":{"line":8,"column":57}},"3":{"start":{"line":52,"column":2},"end":{"line":52,"column":31}},"4":{"start":{"line":53,"column":2},"end":{"line":53,"column":49}},"5":{"start":{"line":63,"column":2},"end":{"line":105,"column":3}},"6":{"start":{"line":64,"column":49},"end":{"line":64,"column":51}},"7":{"start":{"line":67,"column":3},"end":{"line":72,"column":4}},"8":{"start":{"line":68,"column":24},"end":{"line":68,"column":53}},"9":{"start":{"line":69,"column":30},"end":{"line":69,"column":66}},"10":{"start":{"line":70,"column":29},"end":{"line":70,"column":81}},"11":{"start":{"line":71,"column":4},"end":{"line":71,"column":40}},"12":{"start":{"line":75,"column":23},"end":{"line":75,"column":55}},"13":{"start":{"line":76,"column":31},"end":{"line":76,"column":42}},"14":{"start":{"line":77,"column":25},"end":{"line":77,"column":26}},"15":{"start":{"line":78,"column":27},"end":{"line":78,"column":62}},"16":{"start":{"line":79,"column":30},"end":{"line":79,"column":48}},"17":{"start":{"line":80,"column":26},"end":{"line":80,"column":44}},"18":{"start":{"line":83,"column":3},"end":{"line":88,"column":4}},"19":{"start":{"line":84,"column":4},"end":{"line":84,"column":70}},"20":{"start":{"line":85,"column":4},"end":{"line":85,"column":52}},"21":{"start":{"line":86,"column":4},"end":{"line":86,"column":24}},"22":{"start":{"line":87,"column":4},"end":{"line":87,"column":61}},"23":{"start":{"line":91,"column":31},"end":{"line":91,"column":63}},"24":{"start":{"line":92,"column":33},"end":{"line":92,"column":67}},"25":{"start":{"line":93,"column":36},"end":{"line":93,"column":72}},"26":{"start":{"line":94,"column":34},"end":{"line":94,"column":68}},"27":{"start":{"line":96,"column":25},"end":{"line":96,"column":119}},"28":{"start":{"line":99,"column":24},"end":{"line":99,"column":65}},"29":{"start":{"line":100,"column":30},"end":{"line":100,"column":62}},"30":{"start":{"line":102,"column":3},"end":{"line":102,"column":29}},"31":{"start":{"line":104,"column":3},"end":{"line":104,"column":67}},"32":{"start":{"line":115,"column":2},"end":{"line":195,"column":3}},"33":{"start":{"line":116,"column":16},"end":{"line":116,"column":17}},"34":{"start":{"line":118,"column":3},"end":{"line":120,"column":4}},"35":{"start":{"line":119,"column":4},"end":{"line":119,"column":79}},"36":{"start":{"line":123,"column":27},"end":{"line":123,"column":57}},"37":{"start":{"line":124,"column":3},"end":{"line":124,"column":15}},"38":{"start":{"line":125,"column":29},"end":{"line":125,"column":59}},"39":{"start":{"line":126,"column":3},"end":{"line":126,"column":15}},"40":{"start":{"line":127,"column":30},"end":{"line":127,"column":61}},"41":{"start":{"line":128,"column":3},"end":{"line":128,"column":15}},"42":{"start":{"line":129,"column":28},"end":{"line":129,"column":59}},"43":{"start":{"line":130,"column":3},"end":{"line":130,"column":15}},"44":{"start":{"line":132,"column":3},"end":{"line":134,"column":4}},"45":{"start":{"line":133,"column":4},"end":{"line":133,"column":81}},"46":{"start":{"line":136,"column":33},"end":{"line":136,"column":83}},"47":{"start":{"line":137,"column":3},"end":{"line":137,"column":30}},"48":{"start":{"line":139,"column":3},"end":{"line":141,"column":4}},"49":{"start":{"line":140,"column":4},"end":{"line":140,"column":76}},"50":{"start":{"line":143,"column":42},"end":{"line":143,"column":63}},"51":{"start":{"line":146,"column":3},"end":{"line":164,"column":4}},"52":{"start":{"line":147,"column":4},"end":{"line":149,"column":5}},"53":{"start":{"line":148,"column":5},"end":{"line":148,"column":88}},"54":{"start":{"line":150,"column":4},"end":{"line":156,"column":5}},"55":{"start":{"line":151,"column":5},"end":{"line":151,"column":73}},"56":{"start":{"line":152,"column":11},"end":{"line":156,"column":5}},"57":{"start":{"line":153,"column":5},"end":{"line":153,"column":76}},"58":{"start":{"line":155,"column":5},"end":{"line":155,"column":72}},"59":{"start":{"line":157,"column":4},"end":{"line":159,"column":5}},"60":{"start":{"line":158,"column":5},"end":{"line":158,"column":99}},"61":{"start":{"line":161,"column":4},"end":{"line":163,"column":5}},"62":{"start":{"line":162,"column":5},"end":{"line":162,"column":79}},"63":{"start":{"line":166,"column":23},"end":{"line":166,"column":24}},"64":{"start":{"line":167,"column":44},"end":{"line":167,"column":46}},"65":{"start":{"line":170,"column":3},"end":{"line":186,"column":4}},"66":{"start":{"line":171,"column":4},"end":{"line":173,"column":5}},"67":{"start":{"line":172,"column":5},"end":{"line":172,"column":80}},"68":{"start":{"line":174,"column":24},"end":{"line":174,"column":67}},"69":{"start":{"line":175,"column":4},"end":{"line":175,"column":23}},"70":{"start":{"line":177,"column":4},"end":{"line":179,"column":5}},"71":{"start":{"line":178,"column":5},"end":{"line":178,"column":73}},"72":{"start":{"line":181,"column":24},"end":{"line":181,"column":88}},"73":{"start":{"line":182,"column":4},"end":{"line":182,"column":33}},"74":{"start":{"line":184,"column":18},"end":{"line":184,"column":53}},"75":{"start":{"line":185,"column":4},"end":{"line":185,"column":24}},"76":{"start":{"line":188,"column":3},"end":{"line":190,"column":4}},"77":{"start":{"line":189,"column":4},"end":{"line":189,"column":77}},"78":{"start":{"line":192,"column":3},"end":{"line":192,"column":18}},"79":{"start":{"line":194,"column":3},"end":{"line":194,"column":67}},"80":{"start":{"line":205,"column":2},"end":{"line":207,"column":3}},"81":{"start":{"line":206,"column":3},"end":{"line":206,"column":41}},"82":{"start":{"line":209,"column":21},"end":{"line":209,"column":47}},"83":{"start":{"line":210,"column":21},"end":{"line":210,"column":50}},"84":{"start":{"line":211,"column":27},"end":{"line":211,"column":62}},"85":{"start":{"line":214,"column":21},"end":{"line":214,"column":100}},"86":{"start":{"line":217,"column":43},"end":{"line":217,"column":53}},"87":{"start":{"line":218,"column":2},"end":{"line":232,"column":3}},"88":{"start":{"line":219,"column":3},"end":{"line":223,"column":4}},"89":{"start":{"line":220,"column":4},"end":{"line":220,"column":61}},"90":{"start":{"line":222,"column":4},"end":{"line":222,"column":66}},"91":{"start":{"line":224,"column":9},"end":{"line":232,"column":3}},"92":{"start":{"line":225,"column":3},"end":{"line":229,"column":4}},"93":{"start":{"line":226,"column":4},"end":{"line":226,"column":64}},"94":{"start":{"line":228,"column":4},"end":{"line":228,"column":69}},"95":{"start":{"line":230,"column":9},"end":{"line":232,"column":3}},"96":{"start":{"line":231,"column":3},"end":{"line":231,"column":47}},"97":{"start":{"line":234,"column":30},"end":{"line":234,"column":68}},"98":{"start":{"line":236,"column":26},"end":{"line":236,"column":72}},"99":{"start":{"line":237,"column":30},"end":{"line":237,"column":80}},"100":{"start":{"line":239,"column":18},"end":{"line":239,"column":122}},"101":{"start":{"line":240,"column":22},"end":{"line":240,"column":49}},"102":{"start":{"line":242,"column":2},"end":{"line":242,"column":21}},"103":{"start":{"line":252,"column":15},"end":{"line":252,"column":16}},"104":{"start":{"line":254,"column":2},"end":{"line":256,"column":3}},"105":{"start":{"line":255,"column":3},"end":{"line":255,"column":61}},"106":{"start":{"line":258,"column":21},"end":{"line":258,"column":57}},"107":{"start":{"line":259,"column":2},"end":{"line":259,"column":14}},"108":{"start":{"line":261,"column":2},"end":{"line":263,"column":3}},"109":{"start":{"line":262,"column":3},"end":{"line":262,"column":58}},"110":{"start":{"line":265,"column":21},"end":{"line":265,"column":70}},"111":{"start":{"line":266,"column":2},"end":{"line":266,"column":23}},"112":{"start":{"line":267,"column":21},"end":{"line":267,"column":50}},"113":{"start":{"line":268,"column":15},"end":{"line":268,"column":37}},"114":{"start":{"line":270,"column":2},"end":{"line":272,"column":3}},"115":{"start":{"line":271,"column":3},"end":{"line":271,"column":64}},"116":{"start":{"line":274,"column":24},"end":{"line":274,"column":60}},"117":{"start":{"line":275,"column":2},"end":{"line":275,"column":14}},"118":{"start":{"line":277,"column":2},"end":{"line":279,"column":3}},"119":{"start":{"line":278,"column":3},"end":{"line":278,"column":75}},"120":{"start":{"line":281,"column":22},"end":{"line":281,"column":57}},"121":{"start":{"line":282,"column":2},"end":{"line":282,"column":14}},"122":{"start":{"line":284,"column":26},"end":{"line":284,"column":61}},"123":{"start":{"line":285,"column":2},"end":{"line":285,"column":14}},"124":{"start":{"line":287,"column":2},"end":{"line":289,"column":3}},"125":{"start":{"line":288,"column":3},"end":{"line":288,"column":62}},"126":{"start":{"line":291,"column":24},"end":{"line":291,"column":76}},"127":{"start":{"line":292,"column":2},"end":{"line":292,"column":26}},"128":{"start":{"line":295,"column":19},"end":{"line":295,"column":32}},"129":{"start":{"line":296,"column":2},"end":{"line":308,"column":3}},"130":{"start":{"line":297,"column":3},"end":{"line":299,"column":4}},"131":{"start":{"line":298,"column":4},"end":{"line":298,"column":66}},"132":{"start":{"line":300,"column":3},"end":{"line":300,"column":62}},"133":{"start":{"line":301,"column":9},"end":{"line":308,"column":3}},"134":{"start":{"line":302,"column":3},"end":{"line":304,"column":4}},"135":{"start":{"line":303,"column":4},"end":{"line":303,"column":66}},"136":{"start":{"line":305,"column":3},"end":{"line":305,"column":65}},"137":{"start":{"line":306,"column":9},"end":{"line":308,"column":3}},"138":{"start":{"line":307,"column":3},"end":{"line":307,"column":47}},"139":{"start":{"line":311,"column":15},"end":{"line":311,"column":62}},"140":{"start":{"line":313,"column":39},"end":{"line":320,"column":4}},"141":{"start":{"line":322,"column":2},"end":{"line":322,"column":15}},"142":{"start":{"line":333,"column":2},"end":{"line":350,"column":3}},"143":{"start":{"line":335,"column":4},"end":{"line":335,"column":29}},"144":{"start":{"line":337,"column":4},"end":{"line":337,"column":29}},"145":{"start":{"line":339,"column":4},"end":{"line":339,"column":41}},"146":{"start":{"line":341,"column":4},"end":{"line":341,"column":44}},"147":{"start":{"line":343,"column":4},"end":{"line":343,"column":45}},"148":{"start":{"line":345,"column":4},"end":{"line":345,"column":51}},"149":{"start":{"line":347,"column":4},"end":{"line":347,"column":81}},"150":{"start":{"line":349,"column":4},"end":{"line":349,"column":44}},"151":{"start":{"line":361,"column":2},"end":{"line":379,"column":3}},"152":{"start":{"line":363,"column":4},"end":{"line":363,"column":21}},"153":{"start":{"line":365,"column":4},"end":{"line":365,"column":16}},"154":{"start":{"line":367,"column":18},"end":{"line":367,"column":43}},"155":{"start":{"line":368,"column":4},"end":{"line":368,"column":23}},"156":{"start":{"line":370,"column":4},"end":{"line":370,"column":38}},"157":{"start":{"line":372,"column":4},"end":{"line":372,"column":37}},"158":{"start":{"line":374,"column":4},"end":{"line":374,"column":49}},"159":{"start":{"line":376,"column":4},"end":{"line":376,"column":18}},"160":{"start":{"line":378,"column":4},"end":{"line":378,"column":44}},"161":{"start":{"line":389,"column":2},"end":{"line":402,"column":3}},"162":{"start":{"line":390,"column":19},"end":{"line":390,"column":36}},"163":{"start":{"line":391,"column":3},"end":{"line":391,"column":30}},"164":{"start":{"line":392,"column":9},"end":{"line":402,"column":3}},"165":{"start":{"line":393,"column":3},"end":{"line":393,"column":35}},"166":{"start":{"line":396,"column":16},"end":{"line":396,"column":49}},"167":{"start":{"line":397,"column":18},"end":{"line":397,"column":45}},"168":{"start":{"line":398,"column":3},"end":{"line":400,"column":4}},"169":{"start":{"line":398,"column":16},"end":{"line":398,"column":17}},"170":{"start":{"line":399,"column":4},"end":{"line":399,"column":35}},"171":{"start":{"line":401,"column":3},"end":{"line":401,"column":17}},"172":{"start":{"line":412,"column":2},"end":{"line":424,"column":3}},"173":{"start":{"line":413,"column":19},"end":{"line":413,"column":42}},"174":{"start":{"line":414,"column":3},"end":{"line":414,"column":33}},"175":{"start":{"line":415,"column":9},"end":{"line":424,"column":3}},"176":{"start":{"line":416,"column":3},"end":{"line":416,"column":34}},"177":{"start":{"line":419,"column":16},"end":{"line":419,"column":18}},"178":{"start":{"line":420,"column":3},"end":{"line":422,"column":4}},"179":{"start":{"line":420,"column":16},"end":{"line":420,"column":17}},"180":{"start":{"line":421,"column":4},"end":{"line":421,"column":45}},"181":{"start":{"line":423,"column":3},"end":{"line":423,"column":45}},"182":{"start":{"line":434,"column":2},"end":{"line":443,"column":3}},"183":{"start":{"line":435,"column":18},"end":{"line":435,"column":33}},"184":{"start":{"line":436,"column":3},"end":{"line":436,"column":34}},"185":{"start":{"line":437,"column":3},"end":{"line":437,"column":17}},"186":{"start":{"line":439,"column":18},"end":{"line":439,"column":35}},"187":{"start":{"line":440,"column":16},"end":{"line":440,"column":43}},"188":{"start":{"line":441,"column":3},"end":{"line":441,"column":35}},"189":{"start":{"line":442,"column":3},"end":{"line":442,"column":17}},"190":{"start":{"line":454,"column":2},"end":{"line":459,"column":3}},"191":{"start":{"line":455,"column":3},"end":{"line":455,"column":38}},"192":{"start":{"line":457,"column":16},"end":{"line":457,"column":74}},"193":{"start":{"line":458,"column":3},"end":{"line":458,"column":35}},"194":{"start":{"line":469,"column":17},"end":{"line":469,"column":34}},"195":{"start":{"line":470,"column":2},"end":{"line":470,"column":27}},"196":{"start":{"line":471,"column":2},"end":{"line":471,"column":16}},"197":{"start":{"line":482,"column":2},"end":{"line":482,"column":24}},"198":{"start":{"line":492,"column":2},"end":{"line":501,"column":3}},"199":{"start":{"line":493,"column":18},"end":{"line":493,"column":33}},"200":{"start":{"line":494,"column":3},"end":{"line":494,"column":34}},"201":{"start":{"line":495,"column":3},"end":{"line":495,"column":17}},"202":{"start":{"line":497,"column":18},"end":{"line":497,"column":35}},"203":{"start":{"line":498,"column":16},"end":{"line":498,"column":43}},"204":{"start":{"line":499,"column":3},"end":{"line":499,"column":36}},"205":{"start":{"line":500,"column":3},"end":{"line":500,"column":17}},"206":{"start":{"line":512,"column":2},"end":{"line":517,"column":3}},"207":{"start":{"line":513,"column":3},"end":{"line":513,"column":38}},"208":{"start":{"line":515,"column":16},"end":{"line":515,"column":74}},"209":{"start":{"line":516,"column":3},"end":{"line":516,"column":36}},"210":{"start":{"line":527,"column":2},"end":{"line":538,"column":3}},"211":{"start":{"line":528,"column":3},"end":{"line":528,"column":88}},"212":{"start":{"line":528,"column":46},"end":{"line":528,"column":84}},"213":{"start":{"line":530,"column":21},"end":{"line":530,"column":70}},"214":{"start":{"line":530,"column":50},"end":{"line":530,"column":66}},"215":{"start":{"line":531,"column":18},"end":{"line":531,"column":45}},"216":{"start":{"line":532,"column":16},"end":{"line":532,"column":17}},"217":{"start":{"line":533,"column":3},"end":{"line":536,"column":4}},"218":{"start":{"line":534,"column":4},"end":{"line":534,"column":28}},"219":{"start":{"line":535,"column":4},"end":{"line":535,"column":25}},"220":{"start":{"line":537,"column":3},"end":{"line":537,"column":17}},"221":{"start":{"line":41,"column":0},"end":{"line":41,"column":21}}},"fnMap":{"0":{"name":"(anonymous_0)","decl":{"start":{"line":51,"column":1},"end":{"line":51,"column":13}},"loc":{"start":{"line":51,"column":93},"end":{"line":54,"column":2}}},"1":{"name":"(anonymous_1)","decl":{"start":{"line":62,"column":8},"end":{"line":62,"column":13}},"loc":{"start":{"line":62,"column":49},"end":{"line":106,"column":2}}},"2":{"name":"(anonymous_2)","decl":{"start":{"line":114,"column":8},"end":{"line":114,"column":13}},"loc":{"start":{"line":114,"column":46},"end":{"line":196,"column":2}}},"3":{"name":"(anonymous_3)","decl":{"start":{"line":204,"column":9},"end":{"line":204,"column":14}},"loc":{"start":{"line":204,"column":55},"end":{"line":243,"column":2}}},"4":{"name":"(anonymous_4)","decl":{"start":{"line":251,"column":9},"end":{"line":251,"column":14}},"loc":{"start":{"line":251,"column":59},"end":{"line":323,"column":2}}},"5":{"name":"(anonymous_5)","decl":{"start":{"line":332,"column":9},"end":{"line":332,"column":14}},"loc":{"start":{"line":332,"column":108},"end":{"line":351,"column":2}}},"6":{"name":"(anonymous_6)","decl":{"start":{"line":360,"column":9},"end":{"line":360,"column":26}},"loc":{"start":{"line":360,"column":96},"end":{"line":380,"column":2}}},"7":{"name":"(anonymous_7)","decl":{"start":{"line":388,"column":9},"end":{"line":388,"column":21}},"loc":{"start":{"line":388,"column":33},"end":{"line":403,"column":2}}},"8":{"name":"(anonymous_8)","decl":{"start":{"line":411,"column":9},"end":{"line":411,"column":21}},"loc":{"start":{"line":411,"column":49},"end":{"line":425,"column":2}}},"9":{"name":"(anonymous_9)","decl":{"start":{"line":433,"column":9},"end":{"line":433,"column":20}},"loc":{"start":{"line":433,"column":34},"end":{"line":444,"column":2}}},"10":{"name":"(anonymous_10)","decl":{"start":{"line":453,"column":9},"end":{"line":453,"column":19}},"loc":{"start":{"line":453,"column":63},"end":{"line":460,"column":2}}},"11":{"name":"(anonymous_11)","decl":{"start":{"line":468,"column":9},"end":{"line":468,"column":19}},"loc":{"start":{"line":468,"column":33},"end":{"line":472,"column":2}}},"12":{"name":"(anonymous_12)","decl":{"start":{"line":481,"column":9},"end":{"line":481,"column":18}},"loc":{"start":{"line":481,"column":62},"end":{"line":483,"column":2}}},"13":{"name":"(anonymous_13)","decl":{"start":{"line":491,"column":9},"end":{"line":491,"column":20}},"loc":{"start":{"line":491,"column":34},"end":{"line":502,"column":2}}},"14":{"name":"(anonymous_14)","decl":{"start":{"line":511,"column":9},"end":{"line":511,"column":19}},"loc":{"start":{"line":511,"column":63},"end":{"line":518,"column":2}}},"15":{"name":"(anonymous_15)","decl":{"start":{"line":526,"column":9},"end":{"line":526,"column":22}},"loc":{"start":{"line":526,"column":55},"end":{"line":539,"column":2}}},"16":{"name":"(anonymous_16)","decl":{"start":{"line":528,"column":36},"end":{"line":528,"column":37}},"loc":{"start":{"line":528,"column":46},"end":{"line":528,"column":84}}},"17":{"name":"(anonymous_17)","decl":{"start":{"line":530,"column":36},"end":{"line":530,"column":37}},"loc":{"start":{"line":530,"column":50},"end":{"line":530,"column":66}}}},"branchMap":{"0":{"loc":{"start":{"line":51,"column":54},"end":{"line":51,"column":93}},"type":"default-arg","locations":[{"start":{"line":51,"column":84},"end":{"line":51,"column":93}}]},"1":{"loc":{"start":{"line":83,"column":3},"end":{"line":88,"column":4}},"type":"if","locations":[{"start":{"line":83,"column":3},"end":{"line":88,"column":4}}]},"2":{"loc":{"start":{"line":83,"column":7},"end":{"line":83,"column":71}},"type":"binary-expr","locations":[{"start":{"line":83,"column":7},"end":{"line":83,"column":22}},{"start":{"line":83,"column":26},"end":{"line":83,"column":71}}]},"3":{"loc":{"start":{"line":118,"column":3},"end":{"line":120,"column":4}},"type":"if","locations":[{"start":{"line":118,"column":3},"end":{"line":120,"column":4}}]},"4":{"loc":{"start":{"line":132,"column":3},"end":{"line":134,"column":4}},"type":"if","locations":[{"start":{"line":132,"column":3},"end":{"line":134,"column":4}}]},"5":{"loc":{"start":{"line":139,"column":3},"end":{"line":141,"column":4}},"type":"if","locations":[{"start":{"line":139,"column":3},"end":{"line":141,"column":4}}]},"6":{"loc":{"start":{"line":146,"column":3},"end":{"line":164,"column":4}},"type":"if","locations":[{"start":{"line":146,"column":3},"end":{"line":164,"column":4}},{"start":{"line":160,"column":10},"end":{"line":164,"column":4}}]},"7":{"loc":{"start":{"line":147,"column":4},"end":{"line":149,"column":5}},"type":"if","locations":[{"start":{"line":147,"column":4},"end":{"line":149,"column":5}}]},"8":{"loc":{"start":{"line":150,"column":4},"end":{"line":156,"column":5}},"type":"if","locations":[{"start":{"line":150,"column":4},"end":{"line":156,"column":5}},{"start":{"line":152,"column":11},"end":{"line":156,"column":5}}]},"9":{"loc":{"start":{"line":152,"column":11},"end":{"line":156,"column":5}},"type":"if","locations":[{"start":{"line":152,"column":11},"end":{"line":156,"column":5}},{"start":{"line":154,"column":11},"end":{"line":156,"column":5}}]},"10":{"loc":{"start":{"line":157,"column":4},"end":{"line":159,"column":5}},"type":"if","locations":[{"start":{"line":157,"column":4},"end":{"line":159,"column":5}}]},"11":{"loc":{"start":{"line":161,"column":4},"end":{"line":163,"column":5}},"type":"if","locations":[{"start":{"line":161,"column":4},"end":{"line":163,"column":5}}]},"12":{"loc":{"start":{"line":171,"column":4},"end":{"line":173,"column":5}},"type":"if","locations":[{"start":{"line":171,"column":4},"end":{"line":173,"column":5}}]},"13":{"loc":{"start":{"line":177,"column":4},"end":{"line":179,"column":5}},"type":"if","locations":[{"start":{"line":177,"column":4},"end":{"line":179,"column":5}}]},"14":{"loc":{"start":{"line":188,"column":3},"end":{"line":190,"column":4}},"type":"if","locations":[{"start":{"line":188,"column":3},"end":{"line":190,"column":4}}]},"15":{"loc":{"start":{"line":205,"column":2},"end":{"line":207,"column":3}},"type":"if","locations":[{"start":{"line":205,"column":2},"end":{"line":207,"column":3}}]},"16":{"loc":{"start":{"line":205,"column":6},"end":{"line":205,"column":51}},"type":"binary-expr","locations":[{"start":{"line":205,"column":6},"end":{"line":205,"column":17}},{"start":{"line":205,"column":21},"end":{"line":205,"column":51}}]},"17":{"loc":{"start":{"line":218,"column":2},"end":{"line":232,"column":3}},"type":"if","locations":[{"start":{"line":218,"column":2},"end":{"line":232,"column":3}},{"start":{"line":224,"column":9},"end":{"line":232,"column":3}}]},"18":{"loc":{"start":{"line":219,"column":3},"end":{"line":223,"column":4}},"type":"if","locations":[{"start":{"line":219,"column":3},"end":{"line":223,"column":4}},{"start":{"line":221,"column":10},"end":{"line":223,"column":4}}]},"19":{"loc":{"start":{"line":224,"column":9},"end":{"line":232,"column":3}},"type":"if","locations":[{"start":{"line":224,"column":9},"end":{"line":232,"column":3}},{"start":{"line":230,"column":9},"end":{"line":232,"column":3}}]},"20":{"loc":{"start":{"line":225,"column":3},"end":{"line":229,"column":4}},"type":"if","locations":[{"start":{"line":225,"column":3},"end":{"line":229,"column":4}},{"start":{"line":227,"column":10},"end":{"line":229,"column":4}}]},"21":{"loc":{"start":{"line":230,"column":9},"end":{"line":232,"column":3}},"type":"if","locations":[{"start":{"line":230,"column":9},"end":{"line":232,"column":3}}]},"22":{"loc":{"start":{"line":254,"column":2},"end":{"line":256,"column":3}},"type":"if","locations":[{"start":{"line":254,"column":2},"end":{"line":256,"column":3}}]},"23":{"loc":{"start":{"line":261,"column":2},"end":{"line":263,"column":3}},"type":"if","locations":[{"start":{"line":261,"column":2},"end":{"line":263,"column":3}}]},"24":{"loc":{"start":{"line":270,"column":2},"end":{"line":272,"column":3}},"type":"if","locations":[{"start":{"line":270,"column":2},"end":{"line":272,"column":3}}]},"25":{"loc":{"start":{"line":277,"column":2},"end":{"line":279,"column":3}},"type":"if","locations":[{"start":{"line":277,"column":2},"end":{"line":279,"column":3}}]},"26":{"loc":{"start":{"line":287,"column":2},"end":{"line":289,"column":3}},"type":"if","locations":[{"start":{"line":287,"column":2},"end":{"line":289,"column":3}}]},"27":{"loc":{"start":{"line":296,"column":2},"end":{"line":308,"column":3}},"type":"if","locations":[{"start":{"line":296,"column":2},"end":{"line":308,"column":3}},{"start":{"line":301,"column":9},"end":{"line":308,"column":3}}]},"28":{"loc":{"start":{"line":297,"column":3},"end":{"line":299,"column":4}},"type":"if","locations":[{"start":{"line":297,"column":3},"end":{"line":299,"column":4}}]},"29":{"loc":{"start":{"line":301,"column":9},"end":{"line":308,"column":3}},"type":"if","locations":[{"start":{"line":301,"column":9},"end":{"line":308,"column":3}},{"start":{"line":306,"column":9},"end":{"line":308,"column":3}}]},"30":{"loc":{"start":{"line":302,"column":3},"end":{"line":304,"column":4}},"type":"if","locations":[{"start":{"line":302,"column":3},"end":{"line":304,"column":4}}]},"31":{"loc":{"start":{"line":306,"column":9},"end":{"line":308,"column":3}},"type":"if","locations":[{"start":{"line":306,"column":9},"end":{"line":308,"column":3}}]},"32":{"loc":{"start":{"line":333,"column":2},"end":{"line":350,"column":3}},"type":"switch","locations":[{"start":{"line":334,"column":3},"end":{"line":335,"column":29}},{"start":{"line":336,"column":3},"end":{"line":337,"column":29}},{"start":{"line":338,"column":3},"end":{"line":339,"column":41}},{"start":{"line":340,"column":3},"end":{"line":341,"column":44}},{"start":{"line":342,"column":3},"end":{"line":343,"column":45}},{"start":{"line":344,"column":3},"end":{"line":345,"column":51}},{"start":{"line":346,"column":3},"end":{"line":347,"column":81}},{"start":{"line":348,"column":3},"end":{"line":349,"column":44}}]},"33":{"loc":{"start":{"line":339,"column":27},"end":{"line":339,"column":39}},"type":"cond-expr","locations":[{"start":{"line":339,"column":34},"end":{"line":339,"column":35}},{"start":{"line":339,"column":38},"end":{"line":339,"column":39}}]},"34":{"loc":{"start":{"line":347,"column":11},"end":{"line":347,"column":80}},"type":"cond-expr","locations":[{"start":{"line":347,"column":28},"end":{"line":347,"column":32}},{"start":{"line":347,"column":35},"end":{"line":347,"column":80}}]},"35":{"loc":{"start":{"line":361,"column":2},"end":{"line":379,"column":3}},"type":"switch","locations":[{"start":{"line":362,"column":3},"end":{"line":363,"column":21}},{"start":{"line":364,"column":3},"end":{"line":365,"column":16}},{"start":{"line":366,"column":3},"end":{"line":368,"column":23}},{"start":{"line":369,"column":3},"end":{"line":370,"column":38}},{"start":{"line":371,"column":3},"end":{"line":372,"column":37}},{"start":{"line":373,"column":3},"end":{"line":374,"column":49}},{"start":{"line":375,"column":3},"end":{"line":376,"column":18}},{"start":{"line":377,"column":3},"end":{"line":378,"column":44}}]},"36":{"loc":{"start":{"line":389,"column":2},"end":{"line":402,"column":3}},"type":"if","locations":[{"start":{"line":389,"column":2},"end":{"line":402,"column":3}},{"start":{"line":392,"column":9},"end":{"line":402,"column":3}}]},"37":{"loc":{"start":{"line":392,"column":9},"end":{"line":402,"column":3}},"type":"if","locations":[{"start":{"line":392,"column":9},"end":{"line":402,"column":3}},{"start":{"line":394,"column":9},"end":{"line":402,"column":3}}]},"38":{"loc":{"start":{"line":412,"column":2},"end":{"line":424,"column":3}},"type":"if","locations":[{"start":{"line":412,"column":2},"end":{"line":424,"column":3}},{"start":{"line":415,"column":9},"end":{"line":424,"column":3}}]},"39":{"loc":{"start":{"line":415,"column":9},"end":{"line":424,"column":3}},"type":"if","locations":[{"start":{"line":415,"column":9},"end":{"line":424,"column":3}},{"start":{"line":417,"column":9},"end":{"line":424,"column":3}}]},"40":{"loc":{"start":{"line":415,"column":13},"end":{"line":415,"column":42}},"type":"binary-expr","locations":[{"start":{"line":415,"column":13},"end":{"line":415,"column":22}},{"start":{"line":415,"column":26},"end":{"line":415,"column":42}}]},"41":{"loc":{"start":{"line":434,"column":2},"end":{"line":443,"column":3}},"type":"if","locations":[{"start":{"line":434,"column":2},"end":{"line":443,"column":3}},{"start":{"line":438,"column":9},"end":{"line":443,"column":3}}]},"42":{"loc":{"start":{"line":454,"column":2},"end":{"line":459,"column":3}},"type":"if","locations":[{"start":{"line":454,"column":2},"end":{"line":459,"column":3}},{"start":{"line":456,"column":9},"end":{"line":459,"column":3}}]},"43":{"loc":{"start":{"line":454,"column":6},"end":{"line":454,"column":35}},"type":"binary-expr","locations":[{"start":{"line":454,"column":6},"end":{"line":454,"column":15}},{"start":{"line":454,"column":19},"end":{"line":454,"column":35}}]},"44":{"loc":{"start":{"line":492,"column":2},"end":{"line":501,"column":3}},"type":"if","locations":[{"start":{"line":492,"column":2},"end":{"line":501,"column":3}},{"start":{"line":496,"column":9},"end":{"line":501,"column":3}}]},"45":{"loc":{"start":{"line":512,"column":2},"end":{"line":517,"column":3}},"type":"if","locations":[{"start":{"line":512,"column":2},"end":{"line":517,"column":3}},{"start":{"line":514,"column":9},"end":{"line":517,"column":3}}]},"46":{"loc":{"start":{"line":512,"column":6},"end":{"line":512,"column":35}},"type":"binary-expr","locations":[{"start":{"line":512,"column":6},"end":{"line":512,"column":15}},{"start":{"line":512,"column":19},"end":{"line":512,"column":35}}]},"47":{"loc":{"start":{"line":527,"column":2},"end":{"line":538,"column":3}},"type":"if","locations":[{"start":{"line":527,"column":2},"end":{"line":538,"column":3}},{"start":{"line":529,"column":9},"end":{"line":538,"column":3}}]},"48":{"loc":{"start":{"line":528,"column":46},"end":{"line":528,"column":84}},"type":"cond-expr","locations":[{"start":{"line":528,"column":62},"end":{"line":528,"column":65}},{"start":{"line":528,"column":68},"end":{"line":528,"column":84}}]}},"s":{"0":1,"1":1,"2":1,"3":8,"4":8,"5":21,"6":21,"7":21,"8":47,"9":45,"10":45,"11":45,"12":19,"13":19,"14":19,"15":19,"16":19,"17":19,"18":19,"19":7,"20":7,"21":7,"22":7,"23":19,"24":19,"25":19,"26":19,"27":19,"28":19,"29":19,"30":19,"31":2,"32":20,"33":20,"34":20,"35":1,"36":19,"37":19,"38":19,"39":19,"40":19,"41":19,"42":19,"43":19,"44":19,"45":1,"46":18,"47":18,"48":18,"49":0,"50":18,"51":18,"52":8,"53":1,"54":7,"55":5,"56":2,"57":1,"58":1,"59":6,"60":0,"61":10,"62":0,"63":16,"64":16,"65":16,"66":36,"67":0,"68":36,"69":36,"70":36,"71":0,"72":36,"73":36,"74":36,"75":34,"76":14,"77":0,"78":14,"79":6,"80":51,"81":1,"82":50,"83":50,"84":50,"85":50,"86":49,"87":49,"88":15,"89":13,"90":2,"91":34,"92":14,"93":13,"94":1,"95":20,"96":1,"97":45,"98":45,"99":45,"100":45,"101":45,"102":45,"103":38,"104":38,"105":1,"106":37,"107":37,"108":37,"109":0,"110":37,"111":37,"112":37,"113":37,"114":37,"115":0,"116":37,"117":37,"118":37,"119":0,"120":37,"121":37,"122":37,"123":37,"124":37,"125":0,"126":37,"127":37,"128":37,"129":37,"130":11,"131":1,"132":10,"133":26,"134":9,"135":0,"136":9,"137":17,"138":1,"139":35,"140":34,"141":34,"142":51,"143":4,"144":4,"145":9,"146":5,"147":13,"148":5,"149":9,"150":2,"151":36,"152":2,"153":3,"154":6,"155":6,"156":5,"157":6,"158":5,"159":7,"160":2,"161":68,"162":68,"163":68,"164":0,"165":0,"166":0,"167":0,"168":0,"169":0,"170":0,"171":0,"172":48,"173":48,"174":48,"175":0,"176":0,"177":0,"178":0,"179":0,"180":0,"181":0,"182":178,"183":178,"184":178,"185":178,"186":0,"187":0,"188":0,"189":0,"190":148,"191":148,"192":0,"193":0,"194":137,"195":137,"196":137,"197":118,"198":5,"199":5,"200":5,"201":5,"202":0,"203":0,"204":0,"205":0,"206":5,"207":5,"208":0,"209":0,"210":128,"211":128,"212":500,"213":0,"214":0,"215":0,"216":0,"217":0,"218":0,"219":0,"220":0,"221":1},"f":{"0":8,"1":21,"2":20,"3":51,"4":38,"5":51,"6":36,"7":68,"8":48,"9":178,"10":148,"11":137,"12":118,"13":5,"14":5,"15":128,"16":500,"17":0},"b":{"0":[0],"1":[7],"2":[19,19],"3":[1],"4":[1],"5":[0],"6":[8,10],"7":[1],"8":[5,2],"9":[1,1],"10":[0],"11":[0],"12":[0],"13":[0],"14":[0],"15":[1],"16":[51,50],"17":[15,34],"18":[13,2],"19":[14,20],"20":[13,1],"21":[1],"22":[1],"23":[0],"24":[0],"25":[0],"26":[0],"27":[11,26],"28":[1],"29":[9,17],"30":[0],"31":[1],"32":[4,4,9,5,13,5,9,2],"33":[5,4],"34":[9,0],"35":[2,3,6,5,6,5,7,2],"36":[68,0],"37":[0,0],"38":[48,0],"39":[0,0],"40":[0,0],"41":[178,0],"42":[148,0],"43":[148,148],"44":[5,0],"45":[5,0],"46":[5,5],"47":[128,0],"48":[315,185]}}
}
