TN:
SF:src\index.ts
FN:13,(anonymous_1)
FN:13,(anonymous_2)
FN:13,(anonymous_3)
FN:15,(anonymous_4)
FN:15,(anonymous_5)
FN:17,(anonymous_6)
FNF:6
FNH:6
FNDA:54,(anonymous_1)
FNDA:145,(anonymous_2)
FNDA:489,(anonymous_3)
FNDA:8,(anonymous_4)
FNDA:4,(anonymous_5)
FNDA:8,(anonymous_6)
DA:13,490
DA:15,9
DA:17,9
LF:3
LH:3
BRF:0
BRH:0
end_of_record
TN:
SF:src\bin\protocol.enums.ts
FN:5,(anonymous_0)
FN:30,(anonymous_1)
FN:78,(anonymous_2)
FNF:3
FNH:3
FNDA:1,(anonymous_0)
FNDA:1,(anonymous_1)
FNDA:1,(anonymous_2)
DA:5,1
DA:10,1
DA:16,1
DA:23,1
DA:30,1
DA:35,1
DA:41,1
DA:47,1
DA:53,1
DA:59,1
DA:65,1
DA:71,1
DA:78,1
DA:83,1
DA:89,1
DA:95,1
LF:16
LH:16
BRDA:5,0,0,1
BRDA:5,0,1,1
BRDA:30,1,0,1
BRDA:30,1,1,1
BRDA:78,2,0,1
BRDA:78,2,1,1
BRF:6
BRH:6
end_of_record
TN:
SF:src\bin\protocol.errors.ts
FN:12,(anonymous_0)
FN:35,(anonymous_1)
FNF:2
FNH:2
FNDA:4,(anonymous_0)
FNDA:12,(anonymous_1)
DA:5,1
DA:14,4
DA:16,4
DA:17,4
DA:18,4
DA:19,1
DA:28,1
DA:37,12
DA:39,12
DA:40,12
DA:41,12
DA:42,1
LF:12
LH:12
BRDA:18,0,0,1
BRDA:41,1,0,1
BRF:2
BRH:2
end_of_record
TN:
SF:src\bin\protocol.helpers.ts
FN:10,isBuffer
FNF:1
FNH:1
FNDA:699,isBuffer
DA:2,1
DA:10,1
DA:11,699
LF:3
LH:3
BRDA:2,0,0,1
BRDA:2,0,1,1
BRDA:11,1,0,699
BRDA:11,1,1,699
BRF:4
BRH:4
end_of_record
TN:
SF:src\bin\protocol.ts
FN:51,(anonymous_0)
FN:62,(anonymous_1)
FN:114,(anonymous_2)
FN:204,(anonymous_3)
FN:251,(anonymous_4)
FN:332,(anonymous_5)
FN:360,(anonymous_6)
FN:388,(anonymous_7)
FN:411,(anonymous_8)
FN:433,(anonymous_9)
FN:453,(anonymous_10)
FN:468,(anonymous_11)
FN:481,(anonymous_12)
FN:491,(anonymous_13)
FN:511,(anonymous_14)
FN:526,(anonymous_15)
FN:528,(anonymous_16)
FN:530,(anonymous_17)
FNF:18
FNH:17
FNDA:8,(anonymous_0)
FNDA:21,(anonymous_1)
FNDA:20,(anonymous_2)
FNDA:55,(anonymous_3)
FNDA:38,(anonymous_4)
FNDA:55,(anonymous_5)
FNDA:36,(anonymous_6)
FNDA:69,(anonymous_7)
FNDA:45,(anonymous_8)
FNDA:190,(anonymous_9)
FNDA:148,(anonymous_10)
FNDA:142,(anonymous_11)
FNDA:117,(anonymous_12)
FNDA:6,(anonymous_13)
FNDA:5,(anonymous_14)
FNDA:136,(anonymous_15)
FNDA:536,(anonymous_16)
FNDA:0,(anonymous_17)
DA:6,1
DA:7,1
DA:8,1
DA:41,1
DA:52,8
DA:53,8
DA:63,21
DA:64,21
DA:67,21
DA:68,51
DA:69,49
DA:70,49
DA:71,49
DA:75,19
DA:76,19
DA:77,19
DA:78,19
DA:79,19
DA:80,19
DA:83,19
DA:84,5
DA:85,5
DA:86,5
DA:87,5
DA:91,19
DA:92,19
DA:93,19
DA:94,19
DA:96,19
DA:99,19
DA:100,19
DA:102,19
DA:104,2
DA:115,20
DA:116,20
DA:118,20
DA:119,1
DA:123,19
DA:124,19
DA:125,19
DA:126,19
DA:127,19
DA:128,19
DA:129,19
DA:130,19
DA:132,19
DA:133,1
DA:136,18
DA:137,18
DA:139,18
DA:140,0
DA:143,18
DA:146,18
DA:147,6
DA:148,1
DA:150,5
DA:151,3
DA:152,2
DA:153,1
DA:155,1
DA:157,4
DA:158,0
DA:161,12
DA:162,0
DA:166,16
DA:167,16
DA:170,16
DA:171,36
DA:172,0
DA:174,36
DA:175,36
DA:177,36
DA:178,0
DA:181,36
DA:182,36
DA:184,36
DA:185,34
DA:188,14
DA:189,0
DA:192,14
DA:194,6
DA:205,55
DA:206,1
DA:209,54
DA:210,54
DA:211,54
DA:214,54
DA:217,53
DA:218,53
DA:219,17
DA:220,15
DA:222,2
DA:224,36
DA:225,10
DA:226,9
DA:228,1
DA:230,26
DA:231,1
DA:234,49
DA:236,49
DA:237,49
DA:239,49
DA:240,49
DA:242,49
DA:252,38
DA:254,38
DA:255,1
DA:258,37
DA:259,37
DA:261,37
DA:262,0
DA:265,37
DA:266,37
DA:267,37
DA:268,37
DA:270,37
DA:271,0
DA:274,37
DA:275,37
DA:277,37
DA:278,0
DA:281,37
DA:282,37
DA:284,37
DA:285,37
DA:287,37
DA:288,0
DA:291,37
DA:292,37
DA:295,37
DA:296,37
DA:297,13
DA:298,1
DA:300,12
DA:301,24
DA:302,7
DA:303,0
DA:305,7
DA:306,17
DA:307,1
DA:311,35
DA:313,34
DA:322,34
DA:333,55
DA:335,12
DA:337,4
DA:339,6
DA:341,6
DA:343,11
DA:345,4
DA:347,10
DA:349,2
DA:361,36
DA:363,8
DA:365,1
DA:367,5
DA:368,5
DA:370,5
DA:372,6
DA:374,2
DA:376,7
DA:378,2
DA:389,69
DA:390,69
DA:391,69
DA:392,0
DA:393,0
DA:396,0
DA:397,0
DA:398,0
DA:399,0
DA:401,0
DA:412,45
DA:413,45
DA:414,45
DA:415,0
DA:416,0
DA:419,0
DA:420,0
DA:421,0
DA:423,0
DA:434,190
DA:435,190
DA:436,190
DA:437,190
DA:439,0
DA:440,0
DA:441,0
DA:442,0
DA:454,148
DA:455,148
DA:457,0
DA:458,0
DA:469,142
DA:470,142
DA:471,142
DA:482,117
DA:492,6
DA:493,6
DA:494,6
DA:495,6
DA:497,0
DA:498,0
DA:499,0
DA:500,0
DA:512,5
DA:513,5
DA:515,0
DA:516,0
DA:527,136
DA:528,536
DA:530,0
DA:531,0
DA:532,0
DA:533,0
DA:534,0
DA:535,0
DA:537,0
LF:218
LH:175
BRDA:51,0,0,0
BRDA:83,1,0,5
BRDA:83,2,0,19
BRDA:83,2,1,19
BRDA:118,3,0,1
BRDA:132,4,0,1
BRDA:139,5,0,0
BRDA:146,6,0,6
BRDA:146,6,1,12
BRDA:147,7,0,1
BRDA:150,8,0,3
BRDA:150,8,1,2
BRDA:152,9,0,1
BRDA:152,9,1,1
BRDA:157,10,0,0
BRDA:161,11,0,0
BRDA:171,12,0,0
BRDA:177,13,0,0
BRDA:188,14,0,0
BRDA:205,15,0,1
BRDA:205,16,0,55
BRDA:205,16,1,54
BRDA:218,17,0,17
BRDA:218,17,1,36
BRDA:219,18,0,15
BRDA:219,18,1,2
BRDA:224,19,0,10
BRDA:224,19,1,26
BRDA:225,20,0,9
BRDA:225,20,1,1
BRDA:230,21,0,1
BRDA:254,22,0,1
BRDA:261,23,0,0
BRDA:270,24,0,0
BRDA:277,25,0,0
BRDA:287,26,0,0
BRDA:296,27,0,13
BRDA:296,27,1,24
BRDA:297,28,0,1
BRDA:301,29,0,7
BRDA:301,29,1,17
BRDA:302,30,0,0
BRDA:306,31,0,1
BRDA:333,32,0,12
BRDA:333,32,1,4
BRDA:333,32,2,6
BRDA:333,32,3,6
BRDA:333,32,4,11
BRDA:333,32,5,4
BRDA:333,32,6,10
BRDA:333,32,7,2
BRDA:339,33,0,5
BRDA:339,33,1,1
BRDA:347,34,0,10
BRDA:347,34,1,0
BRDA:361,35,0,8
BRDA:361,35,1,1
BRDA:361,35,2,5
BRDA:361,35,3,5
BRDA:361,35,4,6
BRDA:361,35,5,2
BRDA:361,35,6,7
BRDA:361,35,7,2
BRDA:389,36,0,69
BRDA:389,36,1,0
BRDA:392,37,0,0
BRDA:392,37,1,0
BRDA:412,38,0,45
BRDA:412,38,1,0
BRDA:415,39,0,0
BRDA:415,39,1,0
BRDA:415,40,0,0
BRDA:415,40,1,0
BRDA:434,41,0,190
BRDA:434,41,1,0
BRDA:454,42,0,148
BRDA:454,42,1,0
BRDA:454,43,0,148
BRDA:454,43,1,148
BRDA:492,44,0,6
BRDA:492,44,1,0
BRDA:512,45,0,5
BRDA:512,45,1,0
BRDA:512,46,0,5
BRDA:512,46,1,5
BRDA:527,47,0,136
BRDA:527,47,1,0
BRDA:528,48,0,334
BRDA:528,48,1,202
BRF:89
BRH:63
end_of_record
